<?xml version="1.0" encoding="UTF-8"?>
<!-- Generated by org.testng.reporters.JUnitReportReporter -->
<testsuite hostname="NB-ROSENROT" failures="0" tests="1" name="com.rosenrot.tests.WikipediaTest" time="21.761" errors="0" timestamp="2023-10-16T20:11:41 ART" skipped="0">
  <testcase classname="com.rosenrot.tests.WikipediaTest" name="searchTest" time="21.761"/>
  <system-out/>
</testsuite> <!-- com.rosenrot.tests.WikipediaTest -->
